JUnit version 4.13.2
..E
Time: 0.748
There was 1 failure:
1) testMergeRightEnd(ListExamplesTester)
org.junit.runners.model.TestTimedOutException: test timed out after 500 milliseconds
	at java.util.Arrays.copyOf(Arrays.java:3210)
	at java.util.Arrays.copyOf(Arrays.java:3181)
	at java.util.ArrayList.grow(ArrayList.java:267)
	at java.util.ArrayList.ensureExplicitCapacity(ArrayList.java:241)
	at java.util.ArrayList.ensureCapacityInternal(ArrayList.java:233)
	at java.util.ArrayList.add(ArrayList.java:464)
	at ListExamples.merge(ListExamples.java:42)
	at ListExamplesTester.testMergeRightEnd(ListExamplesTester.java:17)

FAILURES!!!
Tests run: 2,  Failures: 1

